[30-Jul-2024 16:17:25 Europe/Berlin] Handling loadFormData action
[30-Jul-2024 16:17:25 Europe/Berlin] Array
(
    [emailSave] => m.millet@finapole.fr
    [uuid] => df5598c9-8087-4c72-9b16-933c5f0d6643
    [currentStep] => 1
    [currentCategory] => Credit
    [currentCategoryIndex] => 1
    [typeVehicule] => caravane
    [etatVehicule] => neuf
    [nbEnfant] => 0
)

[30-Jul-2024 16:17:25 Europe/Berlin] Handling loadFormData action
[30-Jul-2024 16:17:25 Europe/Berlin] Array
(
    [emailSave] => m.millet@finapole.fr
    [uuid] => df5598c9-8087-4c72-9b16-933c5f0d6643
    [currentStep] => 1
    [currentCategory] => Credit
    [currentCategoryIndex] => 1
    [typeVehicule] => caravane
    [etatVehicule] => neuf
    [nbEnfant] => 0
)

[30-Jul-2024 16:17:25 Europe/Berlin] Handling loadFormData action
[30-Jul-2024 16:17:25 Europe/Berlin] Array
(
    [emailSave] => m.millet@finapole.fr
    [uuid] => df5598c9-8087-4c72-9b16-933c5f0d6643
    [currentStep] => 1
    [currentCategory] => Credit
    [currentCategoryIndex] => 1
    [typeVehicule] => caravane
    [etatVehicule] => neuf
    [nbEnfant] => 0
)

[30-Jul-2024 16:22:05 Europe/Berlin] Handling loadFormData action
[30-Jul-2024 16:22:05 Europe/Berlin] Array
(
    [emailSave] => m.millet@finapole.fr
    [uuid] => df5598c9-8087-4c72-9b16-933c5f0d6643
    [currentStep] => 1
    [currentCategory] => Credit
    [currentCategoryIndex] => 1
    [typeVehicule] => caravane
    [etatVehicule] => neuf
    [nbEnfant] => 0
)

[30-Jul-2024 16:22:05 Europe/Berlin] Handling loadFormData action
[30-Jul-2024 16:22:05 Europe/Berlin] Array
(
    [emailSave] => m.millet@finapole.fr
    [uuid] => df5598c9-8087-4c72-9b16-933c5f0d6643
    [currentStep] => 1
    [currentCategory] => Credit
    [currentCategoryIndex] => 1
    [typeVehicule] => caravane
    [etatVehicule] => neuf
    [nbEnfant] => 0
)

[30-Jul-2024 16:22:05 Europe/Berlin] Handling loadFormData action
[30-Jul-2024 16:22:05 Europe/Berlin] Array
(
    [emailSave] => m.millet@finapole.fr
    [uuid] => df5598c9-8087-4c72-9b16-933c5f0d6643
    [currentStep] => 1
    [currentCategory] => Credit
    [currentCategoryIndex] => 1
    [typeVehicule] => caravane
    [etatVehicule] => neuf
    [nbEnfant] => 0
)

[31-Jul-2024 08:41:09 Europe/Berlin] Handling default action (index)
[31-Jul-2024 08:41:36 Europe/Berlin] Handling default action (index)
[31-Jul-2024 08:41:36 Europe/Berlin] Handling default action (index)
[31-Jul-2024 08:42:10 Europe/Berlin] Handling loadFormData action
[31-Jul-2024 08:42:10 Europe/Berlin] Array
(
    [emailSave] => m.millet@finapole.fr
    [uuid] => df5598c9-8087-4c72-9b16-933c5f0d6643
    [currentStep] => 1
    [currentCategory] => Credit
    [currentCategoryIndex] => 1
    [typeVehicule] => caravane
    [etatVehicule] => neuf
    [nbEnfant] => 0
)

[31-Jul-2024 08:42:11 Europe/Berlin] Handling loadFormData action
[31-Jul-2024 08:42:11 Europe/Berlin] Array
(
    [emailSave] => m.millet@finapole.fr
    [uuid] => df5598c9-8087-4c72-9b16-933c5f0d6643
    [currentStep] => 1
    [currentCategory] => Credit
    [currentCategoryIndex] => 1
    [typeVehicule] => caravane
    [etatVehicule] => neuf
    [nbEnfant] => 0
)

[31-Jul-2024 08:42:11 Europe/Berlin] Handling loadFormData action
[31-Jul-2024 08:42:11 Europe/Berlin] Array
(
    [emailSave] => m.millet@finapole.fr
    [uuid] => df5598c9-8087-4c72-9b16-933c5f0d6643
    [currentStep] => 1
    [currentCategory] => Credit
    [currentCategoryIndex] => 1
    [typeVehicule] => caravane
    [etatVehicule] => neuf
    [nbEnfant] => 0
)

[31-Jul-2024 08:45:26 Europe/Berlin] Handling loadFormData action
[31-Jul-2024 08:45:26 Europe/Berlin] Array
(
    [emailSave] => m.millet@finapole.fr
    [uuid] => df5598c9-8087-4c72-9b16-933c5f0d6643
    [currentStep] => 1
    [currentCategory] => Credit
    [currentCategoryIndex] => 1
    [typeVehicule] => caravane
    [etatVehicule] => neuf
    [nbEnfant] => 0
)

[31-Jul-2024 08:45:27 Europe/Berlin] Handling loadFormData action
[31-Jul-2024 08:45:27 Europe/Berlin] Array
(
    [emailSave] => m.millet@finapole.fr
    [uuid] => df5598c9-8087-4c72-9b16-933c5f0d6643
    [currentStep] => 1
    [currentCategory] => Credit
    [currentCategoryIndex] => 1
    [typeVehicule] => caravane
    [etatVehicule] => neuf
    [nbEnfant] => 0
)

[31-Jul-2024 08:45:27 Europe/Berlin] Handling loadFormData action
[31-Jul-2024 08:45:27 Europe/Berlin] Array
(
    [emailSave] => m.millet@finapole.fr
    [uuid] => df5598c9-8087-4c72-9b16-933c5f0d6643
    [currentStep] => 1
    [currentCategory] => Credit
    [currentCategoryIndex] => 1
    [typeVehicule] => caravane
    [etatVehicule] => neuf
    [nbEnfant] => 0
)

[31-Jul-2024 08:45:33 Europe/Berlin] Handling loadFormData action
[31-Jul-2024 08:45:33 Europe/Berlin] Array
(
    [emailSave] => m.millet@finapole.fr
    [uuid] => df5598c9-8087-4c72-9b16-933c5f0d6643
    [currentStep] => 1
    [currentCategory] => Credit
    [currentCategoryIndex] => 1
    [typeVehicule] => caravane
    [etatVehicule] => neuf
    [nbEnfant] => 0
)

[31-Jul-2024 08:45:33 Europe/Berlin] Handling loadFormData action
[31-Jul-2024 08:45:33 Europe/Berlin] Array
(
    [emailSave] => m.millet@finapole.fr
    [uuid] => df5598c9-8087-4c72-9b16-933c5f0d6643
    [currentStep] => 1
    [currentCategory] => Credit
    [currentCategoryIndex] => 1
    [typeVehicule] => caravane
    [etatVehicule] => neuf
    [nbEnfant] => 0
)

[31-Jul-2024 08:45:33 Europe/Berlin] Handling loadFormData action
[31-Jul-2024 08:45:33 Europe/Berlin] Array
(
    [emailSave] => m.millet@finapole.fr
    [uuid] => df5598c9-8087-4c72-9b16-933c5f0d6643
    [currentStep] => 1
    [currentCategory] => Credit
    [currentCategoryIndex] => 1
    [typeVehicule] => caravane
    [etatVehicule] => neuf
    [nbEnfant] => 0
)

[31-Jul-2024 08:53:52 Europe/Berlin] Handling loadFormData action
[31-Jul-2024 08:53:52 Europe/Berlin] Array
(
    [emailSave] => m.millet@finapole.fr
    [uuid] => df5598c9-8087-4c72-9b16-933c5f0d6643
    [currentStep] => 1
    [currentCategory] => Credit
    [currentCategoryIndex] => 1
    [typeVehicule] => caravane
    [etatVehicule] => neuf
    [nbEnfant] => 0
)

[31-Jul-2024 08:53:53 Europe/Berlin] Handling loadFormData action
[31-Jul-2024 08:53:53 Europe/Berlin] Array
(
    [emailSave] => m.millet@finapole.fr
    [uuid] => df5598c9-8087-4c72-9b16-933c5f0d6643
    [currentStep] => 1
    [currentCategory] => Credit
    [currentCategoryIndex] => 1
    [typeVehicule] => caravane
    [etatVehicule] => neuf
    [nbEnfant] => 0
)

[31-Jul-2024 08:53:53 Europe/Berlin] Handling loadFormData action
[31-Jul-2024 08:53:53 Europe/Berlin] Array
(
    [emailSave] => m.millet@finapole.fr
    [uuid] => df5598c9-8087-4c72-9b16-933c5f0d6643
    [currentStep] => 1
    [currentCategory] => Credit
    [currentCategoryIndex] => 1
    [typeVehicule] => caravane
    [etatVehicule] => neuf
    [nbEnfant] => 0
)

[31-Jul-2024 08:56:01 Europe/Berlin] Handling loadFormData action
[31-Jul-2024 08:56:01 Europe/Berlin] Array
(
    [emailSave] => m.millet@finapole.fr
    [uuid] => df5598c9-8087-4c72-9b16-933c5f0d6643
    [currentStep] => 1
    [currentCategory] => Credit
    [currentCategoryIndex] => 1
    [typeVehicule] => caravane
    [etatVehicule] => neuf
    [nbEnfant] => 0
)

[31-Jul-2024 08:56:02 Europe/Berlin] Handling loadFormData action
[31-Jul-2024 08:56:02 Europe/Berlin] Array
(
    [emailSave] => m.millet@finapole.fr
    [uuid] => df5598c9-8087-4c72-9b16-933c5f0d6643
    [currentStep] => 1
    [currentCategory] => Credit
    [currentCategoryIndex] => 1
    [typeVehicule] => caravane
    [etatVehicule] => neuf
    [nbEnfant] => 0
)

[31-Jul-2024 08:56:02 Europe/Berlin] Handling loadFormData action
[31-Jul-2024 08:56:02 Europe/Berlin] Array
(
    [emailSave] => m.millet@finapole.fr
    [uuid] => df5598c9-8087-4c72-9b16-933c5f0d6643
    [currentStep] => 1
    [currentCategory] => Credit
    [currentCategoryIndex] => 1
    [typeVehicule] => caravane
    [etatVehicule] => neuf
    [nbEnfant] => 0
)

[31-Jul-2024 09:27:58 Europe/Berlin] Handling loadFormData action
[31-Jul-2024 09:27:58 Europe/Berlin] Array
(
    [emailSave] => m.millet@finapole.fr
    [uuid] => df5598c9-8087-4c72-9b16-933c5f0d6643
    [currentStep] => 1
    [currentCategory] => Credit
    [currentCategoryIndex] => 1
    [typeVehicule] => caravane
    [etatVehicule] => neuf
    [nbEnfant] => 0
)

[31-Jul-2024 09:27:59 Europe/Berlin] Handling loadFormData action
[31-Jul-2024 09:27:59 Europe/Berlin] Array
(
    [emailSave] => m.millet@finapole.fr
    [uuid] => df5598c9-8087-4c72-9b16-933c5f0d6643
    [currentStep] => 1
    [currentCategory] => Credit
    [currentCategoryIndex] => 1
    [typeVehicule] => caravane
    [etatVehicule] => neuf
    [nbEnfant] => 0
)

[31-Jul-2024 09:27:59 Europe/Berlin] Handling loadFormData action
[31-Jul-2024 09:27:59 Europe/Berlin] Array
(
    [emailSave] => m.millet@finapole.fr
    [uuid] => df5598c9-8087-4c72-9b16-933c5f0d6643
    [currentStep] => 1
    [currentCategory] => Credit
    [currentCategoryIndex] => 1
    [typeVehicule] => caravane
    [etatVehicule] => neuf
    [nbEnfant] => 0
)

[31-Jul-2024 09:28:46 Europe/Berlin] Handling loadFormData action
[31-Jul-2024 09:28:46 Europe/Berlin] Array
(
    [emailSave] => m.millet@finapole.fr
    [uuid] => df5598c9-8087-4c72-9b16-933c5f0d6643
    [currentStep] => 1
    [currentCategory] => Credit
    [currentCategoryIndex] => 1
    [typeVehicule] => caravane
    [etatVehicule] => neuf
    [nbEnfant] => 0
)

[31-Jul-2024 09:28:46 Europe/Berlin] Handling loadFormData action
[31-Jul-2024 09:28:47 Europe/Berlin] Array
(
    [emailSave] => m.millet@finapole.fr
    [uuid] => df5598c9-8087-4c72-9b16-933c5f0d6643
    [currentStep] => 1
    [currentCategory] => Credit
    [currentCategoryIndex] => 1
    [typeVehicule] => caravane
    [etatVehicule] => neuf
    [nbEnfant] => 0
)

[31-Jul-2024 09:28:47 Europe/Berlin] Handling loadFormData action
[31-Jul-2024 09:28:47 Europe/Berlin] Array
(
    [emailSave] => m.millet@finapole.fr
    [uuid] => df5598c9-8087-4c72-9b16-933c5f0d6643
    [currentStep] => 1
    [currentCategory] => Credit
    [currentCategoryIndex] => 1
    [typeVehicule] => caravane
    [etatVehicule] => neuf
    [nbEnfant] => 0
)

[31-Jul-2024 09:28:49 Europe/Berlin] Handling default action (index)
[31-Jul-2024 09:28:52 Europe/Berlin] Handling default action (index)
[31-Jul-2024 09:29:04 Europe/Berlin] Handling saveFormData action
[31-Jul-2024 09:29:04 Europe/Berlin] Handling saveFormData action
[31-Jul-2024 09:29:04 Europe/Berlin] Handling default action (index)
[31-Jul-2024 09:29:04 Europe/Berlin] Handling default action (index)
[31-Jul-2024 09:29:23 Europe/Berlin] Handling saveFormData action
[31-Jul-2024 09:29:23 Europe/Berlin] Handling saveFormData action
[31-Jul-2024 09:29:23 Europe/Berlin] Handling default action (index)
[31-Jul-2024 09:29:23 Europe/Berlin] Handling default action (index)
[31-Jul-2024 09:34:45 Europe/Berlin] Handling default action (index)
[31-Jul-2024 09:34:57 Europe/Berlin] Handling saveFormData action
[31-Jul-2024 09:34:57 Europe/Berlin] Handling saveFormData action
[31-Jul-2024 09:35:33 Europe/Berlin] Handling default action (index)
[31-Jul-2024 09:35:34 Europe/Berlin] Handling loadFormData action
[31-Jul-2024 09:35:34 Europe/Berlin] Handling loadFormData action
[31-Jul-2024 09:38:32 Europe/Berlin] Handling default action (index)
[31-Jul-2024 09:38:33 Europe/Berlin] Handling loadFormData action
[31-Jul-2024 09:38:33 Europe/Berlin] Handling loadFormData action
[31-Jul-2024 09:41:07 Europe/Berlin] Handling default action (index)
[31-Jul-2024 09:41:08 Europe/Berlin] Handling loadFormData action
[31-Jul-2024 09:41:08 Europe/Berlin] Handling loadFormData action
[31-Jul-2024 09:51:00 Europe/Berlin] Handling default action (index)
[31-Jul-2024 09:51:01 Europe/Berlin] Handling loadFormData action
[31-Jul-2024 09:51:01 Europe/Berlin] Handling loadFormData action
[31-Jul-2024 09:51:16 Europe/Berlin] Handling saveFormData action
[31-Jul-2024 09:51:16 Europe/Berlin] Handling saveFormData action
[31-Jul-2024 09:51:25 Europe/Berlin] Handling default action (index)
[31-Jul-2024 09:51:25 Europe/Berlin] Handling loadFormData action
[31-Jul-2024 09:51:25 Europe/Berlin] Handling loadFormData action
[31-Jul-2024 09:59:55 Europe/Berlin] Handling default action (index)
[31-Jul-2024 09:59:55 Europe/Berlin] Handling loadFormData action
[31-Jul-2024 09:59:55 Europe/Berlin] Handling loadFormData action
